Determining if the Q_WS_WIN exist failed with the following output:
Change Dir: /fs03/share/users/maxime.di-folco/home/5ETI/Simu_Ani/tp_tissus/tp_tissus_partie_1/CMakeFiles/CMakeTmp

Run Build Command:/usr/bin/make "cmTryCompileExec1394285248/fast"
/usr/bin/make -f CMakeFiles/cmTryCompileExec1394285248.dir/build.make CMakeFiles/cmTryCompileExec1394285248.dir/build
make[1]: entrant dans le répertoire « /fs03/share/users/maxime.di-folco/home/5ETI/Simu_Ani/tp_tissus/tp_tissus_partie_1/CMakeFiles/CMakeTmp »
/usr/bin/cmake -E cmake_progress_report /fs03/share/users/maxime.di-folco/home/5ETI/Simu_Ani/tp_tissus/tp_tissus_partie_1/CMakeFiles/CMakeTmp/CMakeFiles 1
Building CXX object CMakeFiles/cmTryCompileExec1394285248.dir/CheckSymbolExists.cxx.o
/usr/bin/c++    -I/usr/include/qt4    -o CMakeFiles/cmTryCompileExec1394285248.dir/CheckSymbolExists.cxx.o -c /fs03/share/users/maxime.di-folco/home/5ETI/Simu_Ani/tp_tissus/tp_tissus_partie_1/CMakeFiles/CMakeTmp/CheckSymbolExists.cxx
/fs03/share/users/maxime.di-folco/home/5ETI/Simu_Ani/tp_tissus/tp_tissus_partie_1/CMakeFiles/CMakeTmp/CheckSymbolExists.cxx: In function ‘int main(int, char**)’:
/fs03/share/users/maxime.di-folco/home/5ETI/Simu_Ani/tp_tissus/tp_tissus_partie_1/CMakeFiles/CMakeTmp/CheckSymbolExists.cxx:8:19: error: ‘Q_WS_WIN’ was not declared in this scope
   return ((int*)(&Q_WS_WIN))[argc];
                   ^
make[1]: quittant le répertoire « /fs03/share/users/maxime.di-folco/home/5ETI/Simu_Ani/tp_tissus/tp_tissus_partie_1/CMakeFiles/CMakeTmp »
make[1]: *** [CMakeFiles/cmTryCompileExec1394285248.dir/CheckSymbolExists.cxx.o] Erreur 1
make: *** [cmTryCompileExec1394285248/fast] Erreur 2

File /fs03/share/users/maxime.di-folco/home/5ETI/Simu_Ani/tp_tissus/tp_tissus_partie_1/CMakeFiles/CMakeTmp/CheckSymbolExists.cxx:
/* */
#include <QtCore/qglobal.h>

int main(int argc, char** argv)
{
  (void)argv;
#ifndef Q_WS_WIN
  return ((int*)(&Q_WS_WIN))[argc];
#else
  (void)argc;
  return 0;
#endif
}

Determining if the Q_WS_QWS exist failed with the following output:
Change Dir: /fs03/share/users/maxime.di-folco/home/5ETI/Simu_Ani/tp_tissus/tp_tissus_partie_1/CMakeFiles/CMakeTmp

Run Build Command:/usr/bin/make "cmTryCompileExec1439692677/fast"
/usr/bin/make -f CMakeFiles/cmTryCompileExec1439692677.dir/build.make CMakeFiles/cmTryCompileExec1439692677.dir/build
make[1]: entrant dans le répertoire « /fs03/share/users/maxime.di-folco/home/5ETI/Simu_Ani/tp_tissus/tp_tissus_partie_1/CMakeFiles/CMakeTmp »
/usr/bin/cmake -E cmake_progress_report /fs03/share/users/maxime.di-folco/home/5ETI/Simu_Ani/tp_tissus/tp_tissus_partie_1/CMakeFiles/CMakeTmp/CMakeFiles 1
Building CXX object CMakeFiles/cmTryCompileExec1439692677.dir/CheckSymbolExists.cxx.o
/usr/bin/c++    -I/usr/include/qt4    -o CMakeFiles/cmTryCompileExec1439692677.dir/CheckSymbolExists.cxx.o -c /fs03/share/users/maxime.di-folco/home/5ETI/Simu_Ani/tp_tissus/tp_tissus_partie_1/CMakeFiles/CMakeTmp/CheckSymbolExists.cxx
/fs03/share/users/maxime.di-folco/home/5ETI/Simu_Ani/tp_tissus/tp_tissus_partie_1/CMakeFiles/CMakeTmp/CheckSymbolExists.cxx: In function ‘int main(int, char**)’:
/fs03/share/users/maxime.di-folco/home/5ETI/Simu_Ani/tp_tissus/tp_tissus_partie_1/CMakeFiles/CMakeTmp/CheckSymbolExists.cxx:8:19: error: ‘Q_WS_QWS’ was not declared in this scope
   return ((int*)(&Q_WS_QWS))[argc];
                   ^
make[1]: *** [CMakeFiles/cmTryCompileExec1439692677.dir/CheckSymbolExists.cxx.o] Erreur 1
make[1]: quittant le répertoire « /fs03/share/users/maxime.di-folco/home/5ETI/Simu_Ani/tp_tissus/tp_tissus_partie_1/CMakeFiles/CMakeTmp »
make: *** [cmTryCompileExec1439692677/fast] Erreur 2

File /fs03/share/users/maxime.di-folco/home/5ETI/Simu_Ani/tp_tissus/tp_tissus_partie_1/CMakeFiles/CMakeTmp/CheckSymbolExists.cxx:
/* */
#include <QtCore/qglobal.h>

int main(int argc, char** argv)
{
  (void)argv;
#ifndef Q_WS_QWS
  return ((int*)(&Q_WS_QWS))[argc];
#else
  (void)argc;
  return 0;
#endif
}

Determining if the Q_WS_MAC exist failed with the following output:
Change Dir: /fs03/share/users/maxime.di-folco/home/5ETI/Simu_Ani/tp_tissus/tp_tissus_partie_1/CMakeFiles/CMakeTmp

Run Build Command:/usr/bin/make "cmTryCompileExec310312085/fast"
/usr/bin/make -f CMakeFiles/cmTryCompileExec310312085.dir/build.make CMakeFiles/cmTryCompileExec310312085.dir/build
make[1]: entrant dans le répertoire « /fs03/share/users/maxime.di-folco/home/5ETI/Simu_Ani/tp_tissus/tp_tissus_partie_1/CMakeFiles/CMakeTmp »
/usr/bin/cmake -E cmake_progress_report /fs03/share/users/maxime.di-folco/home/5ETI/Simu_Ani/tp_tissus/tp_tissus_partie_1/CMakeFiles/CMakeTmp/CMakeFiles 1
Building CXX object CMakeFiles/cmTryCompileExec310312085.dir/CheckSymbolExists.cxx.o
/usr/bin/c++    -I/usr/include/qt4    -o CMakeFiles/cmTryCompileExec310312085.dir/CheckSymbolExists.cxx.o -c /fs03/share/users/maxime.di-folco/home/5ETI/Simu_Ani/tp_tissus/tp_tissus_partie_1/CMakeFiles/CMakeTmp/CheckSymbolExists.cxx
/fs03/share/users/maxime.di-folco/home/5ETI/Simu_Ani/tp_tissus/tp_tissus_partie_1/CMakeFiles/CMakeTmp/CheckSymbolExists.cxx: In function ‘int main(int, char**)’:
/fs03/share/users/maxime.di-folco/home/5ETI/Simu_Ani/tp_tissus/tp_tissus_partie_1/CMakeFiles/CMakeTmp/CheckSymbolExists.cxx:8:19: error: ‘Q_WS_MAC’ was not declared in this scope
   return ((int*)(&Q_WS_MAC))[argc];
                   ^
make[1]: quittant le répertoire « /fs03/share/users/maxime.di-folco/home/5ETI/Simu_Ani/tp_tissus/tp_tissus_partie_1/CMakeFiles/CMakeTmp »
make[1]: *** [CMakeFiles/cmTryCompileExec310312085.dir/CheckSymbolExists.cxx.o] Erreur 1
make: *** [cmTryCompileExec310312085/fast] Erreur 2

File /fs03/share/users/maxime.di-folco/home/5ETI/Simu_Ani/tp_tissus/tp_tissus_partie_1/CMakeFiles/CMakeTmp/CheckSymbolExists.cxx:
/* */
#include <QtCore/qglobal.h>

int main(int argc, char** argv)
{
  (void)argv;
#ifndef Q_WS_MAC
  return ((int*)(&Q_WS_MAC))[argc];
#else
  (void)argc;
  return 0;
#endif
}

