Determining if the Q_WS_WIN exist failed with the following output:
Change Dir: /fs03/share/users/maxime.di-folco/home/5ETI/SimulationAnimation/tp_skinning/build/CMakeFiles/CMakeTmp

Run Build Command:/usr/bin/make "cmTryCompileExec2139900628/fast"
/usr/bin/make -f CMakeFiles/cmTryCompileExec2139900628.dir/build.make CMakeFiles/cmTryCompileExec2139900628.dir/build
make[1]: entrant dans le répertoire « /fs03/share/users/maxime.di-folco/home/5ETI/SimulationAnimation/tp_skinning/build/CMakeFiles/CMakeTmp »
/usr/bin/cmake -E cmake_progress_report /fs03/share/users/maxime.di-folco/home/5ETI/SimulationAnimation/tp_skinning/build/CMakeFiles/CMakeTmp/CMakeFiles 1
Building CXX object CMakeFiles/cmTryCompileExec2139900628.dir/CheckSymbolExists.cxx.o
/usr/bin/c++    -I/usr/include/qt4    -o CMakeFiles/cmTryCompileExec2139900628.dir/CheckSymbolExists.cxx.o -c /fs03/share/users/maxime.di-folco/home/5ETI/SimulationAnimation/tp_skinning/build/CMakeFiles/CMakeTmp/CheckSymbolExists.cxx
/fs03/share/users/maxime.di-folco/home/5ETI/SimulationAnimation/tp_skinning/build/CMakeFiles/CMakeTmp/CheckSymbolExists.cxx: In function ‘int main(int, char**)’:
/fs03/share/users/maxime.di-folco/home/5ETI/SimulationAnimation/tp_skinning/build/CMakeFiles/CMakeTmp/CheckSymbolExists.cxx:8:19: error: ‘Q_WS_WIN’ was not declared in this scope
   return ((int*)(&Q_WS_WIN))[argc];
                   ^
make[1]: *** [CMakeFiles/cmTryCompileExec2139900628.dir/CheckSymbolExists.cxx.o] Erreur 1
make[1]: quittant le répertoire « /fs03/share/users/maxime.di-folco/home/5ETI/SimulationAnimation/tp_skinning/build/CMakeFiles/CMakeTmp »
make: *** [cmTryCompileExec2139900628/fast] Erreur 2

File /fs03/share/users/maxime.di-folco/home/5ETI/SimulationAnimation/tp_skinning/build/CMakeFiles/CMakeTmp/CheckSymbolExists.cxx:
/* */
#include <QtCore/qglobal.h>

int main(int argc, char** argv)
{
  (void)argv;
#ifndef Q_WS_WIN
  return ((int*)(&Q_WS_WIN))[argc];
#else
  (void)argc;
  return 0;
#endif
}

Determining if the Q_WS_QWS exist failed with the following output:
Change Dir: /fs03/share/users/maxime.di-folco/home/5ETI/SimulationAnimation/tp_skinning/build/CMakeFiles/CMakeTmp

Run Build Command:/usr/bin/make "cmTryCompileExec1104221493/fast"
/usr/bin/make -f CMakeFiles/cmTryCompileExec1104221493.dir/build.make CMakeFiles/cmTryCompileExec1104221493.dir/build
make[1]: entrant dans le répertoire « /fs03/share/users/maxime.di-folco/home/5ETI/SimulationAnimation/tp_skinning/build/CMakeFiles/CMakeTmp »
/usr/bin/cmake -E cmake_progress_report /fs03/share/users/maxime.di-folco/home/5ETI/SimulationAnimation/tp_skinning/build/CMakeFiles/CMakeTmp/CMakeFiles 1
Building CXX object CMakeFiles/cmTryCompileExec1104221493.dir/CheckSymbolExists.cxx.o
/usr/bin/c++    -I/usr/include/qt4    -o CMakeFiles/cmTryCompileExec1104221493.dir/CheckSymbolExists.cxx.o -c /fs03/share/users/maxime.di-folco/home/5ETI/SimulationAnimation/tp_skinning/build/CMakeFiles/CMakeTmp/CheckSymbolExists.cxx
/fs03/share/users/maxime.di-folco/home/5ETI/SimulationAnimation/tp_skinning/build/CMakeFiles/CMakeTmp/CheckSymbolExists.cxx: In function ‘int main(int, char**)’:
/fs03/share/users/maxime.di-folco/home/5ETI/SimulationAnimation/tp_skinning/build/CMakeFiles/CMakeTmp/CheckSymbolExists.cxx:8:19: error: ‘Q_WS_QWS’ was not declared in this scope
   return ((int*)(&Q_WS_QWS))[argc];
                   ^
make[1]: *** [CMakeFiles/cmTryCompileExec1104221493.dir/CheckSymbolExists.cxx.o] Erreur 1
make[1]: quittant le répertoire « /fs03/share/users/maxime.di-folco/home/5ETI/SimulationAnimation/tp_skinning/build/CMakeFiles/CMakeTmp »
make: *** [cmTryCompileExec1104221493/fast] Erreur 2

File /fs03/share/users/maxime.di-folco/home/5ETI/SimulationAnimation/tp_skinning/build/CMakeFiles/CMakeTmp/CheckSymbolExists.cxx:
/* */
#include <QtCore/qglobal.h>

int main(int argc, char** argv)
{
  (void)argv;
#ifndef Q_WS_QWS
  return ((int*)(&Q_WS_QWS))[argc];
#else
  (void)argc;
  return 0;
#endif
}

Determining if the Q_WS_MAC exist failed with the following output:
Change Dir: /fs03/share/users/maxime.di-folco/home/5ETI/SimulationAnimation/tp_skinning/build/CMakeFiles/CMakeTmp

Run Build Command:/usr/bin/make "cmTryCompileExec3663105659/fast"
/usr/bin/make -f CMakeFiles/cmTryCompileExec3663105659.dir/build.make CMakeFiles/cmTryCompileExec3663105659.dir/build
make[1]: entrant dans le répertoire « /fs03/share/users/maxime.di-folco/home/5ETI/SimulationAnimation/tp_skinning/build/CMakeFiles/CMakeTmp »
/usr/bin/cmake -E cmake_progress_report /fs03/share/users/maxime.di-folco/home/5ETI/SimulationAnimation/tp_skinning/build/CMakeFiles/CMakeTmp/CMakeFiles 1
Building CXX object CMakeFiles/cmTryCompileExec3663105659.dir/CheckSymbolExists.cxx.o
/usr/bin/c++    -I/usr/include/qt4    -o CMakeFiles/cmTryCompileExec3663105659.dir/CheckSymbolExists.cxx.o -c /fs03/share/users/maxime.di-folco/home/5ETI/SimulationAnimation/tp_skinning/build/CMakeFiles/CMakeTmp/CheckSymbolExists.cxx
/fs03/share/users/maxime.di-folco/home/5ETI/SimulationAnimation/tp_skinning/build/CMakeFiles/CMakeTmp/CheckSymbolExists.cxx: In function ‘int main(int, char**)’:
/fs03/share/users/maxime.di-folco/home/5ETI/SimulationAnimation/tp_skinning/build/CMakeFiles/CMakeTmp/CheckSymbolExists.cxx:8:19: error: ‘Q_WS_MAC’ was not declared in this scope
   return ((int*)(&Q_WS_MAC))[argc];
                   ^
make[1]: *** [CMakeFiles/cmTryCompileExec3663105659.dir/CheckSymbolExists.cxx.o] Erreur 1
make[1]: quittant le répertoire « /fs03/share/users/maxime.di-folco/home/5ETI/SimulationAnimation/tp_skinning/build/CMakeFiles/CMakeTmp »
make: *** [cmTryCompileExec3663105659/fast] Erreur 2

File /fs03/share/users/maxime.di-folco/home/5ETI/SimulationAnimation/tp_skinning/build/CMakeFiles/CMakeTmp/CheckSymbolExists.cxx:
/* */
#include <QtCore/qglobal.h>

int main(int argc, char** argv)
{
  (void)argv;
#ifndef Q_WS_MAC
  return ((int*)(&Q_WS_MAC))[argc];
#else
  (void)argc;
  return 0;
#endif
}

