Determining if the Q_WS_WIN exist failed with the following output:
Change Dir: /fs03/share/users/maxime.di-folco/home/5ETI/Simu_Ani/tp_tissus/tp_tissus_partie_1/bulid/CMakeFiles/CMakeTmp

Run Build Command:/usr/bin/make "cmTryCompileExec567537389/fast"
/usr/bin/make -f CMakeFiles/cmTryCompileExec567537389.dir/build.make CMakeFiles/cmTryCompileExec567537389.dir/build
make[1]: entrant dans le répertoire « /fs03/share/users/maxime.di-folco/home/5ETI/Simu_Ani/tp_tissus/tp_tissus_partie_1/bulid/CMakeFiles/CMakeTmp »
/usr/bin/cmake -E cmake_progress_report /fs03/share/users/maxime.di-folco/home/5ETI/Simu_Ani/tp_tissus/tp_tissus_partie_1/bulid/CMakeFiles/CMakeTmp/CMakeFiles 1
Building CXX object CMakeFiles/cmTryCompileExec567537389.dir/CheckSymbolExists.cxx.o
/usr/bin/c++    -I/usr/include/qt4    -o CMakeFiles/cmTryCompileExec567537389.dir/CheckSymbolExists.cxx.o -c /fs03/share/users/maxime.di-folco/home/5ETI/Simu_Ani/tp_tissus/tp_tissus_partie_1/bulid/CMakeFiles/CMakeTmp/CheckSymbolExists.cxx
/fs03/share/users/maxime.di-folco/home/5ETI/Simu_Ani/tp_tissus/tp_tissus_partie_1/bulid/CMakeFiles/CMakeTmp/CheckSymbolExists.cxx: In function ‘int main(int, char**)’:
/fs03/share/users/maxime.di-folco/home/5ETI/Simu_Ani/tp_tissus/tp_tissus_partie_1/bulid/CMakeFiles/CMakeTmp/CheckSymbolExists.cxx:8:19: error: ‘Q_WS_WIN’ was not declared in this scope
   return ((int*)(&Q_WS_WIN))[argc];
                   ^
make[1]: *** [CMakeFiles/cmTryCompileExec567537389.dir/CheckSymbolExists.cxx.o] Erreur 1
make[1]: quittant le répertoire « /fs03/share/users/maxime.di-folco/home/5ETI/Simu_Ani/tp_tissus/tp_tissus_partie_1/bulid/CMakeFiles/CMakeTmp »
make: *** [cmTryCompileExec567537389/fast] Erreur 2

File /fs03/share/users/maxime.di-folco/home/5ETI/Simu_Ani/tp_tissus/tp_tissus_partie_1/bulid/CMakeFiles/CMakeTmp/CheckSymbolExists.cxx:
/* */
#include <QtCore/qglobal.h>

int main(int argc, char** argv)
{
  (void)argv;
#ifndef Q_WS_WIN
  return ((int*)(&Q_WS_WIN))[argc];
#else
  (void)argc;
  return 0;
#endif
}

Determining if the Q_WS_QWS exist failed with the following output:
Change Dir: /fs03/share/users/maxime.di-folco/home/5ETI/Simu_Ani/tp_tissus/tp_tissus_partie_1/bulid/CMakeFiles/CMakeTmp

Run Build Command:/usr/bin/make "cmTryCompileExec885086107/fast"
/usr/bin/make -f CMakeFiles/cmTryCompileExec885086107.dir/build.make CMakeFiles/cmTryCompileExec885086107.dir/build
make[1]: entrant dans le répertoire « /fs03/share/users/maxime.di-folco/home/5ETI/Simu_Ani/tp_tissus/tp_tissus_partie_1/bulid/CMakeFiles/CMakeTmp »
/usr/bin/cmake -E cmake_progress_report /fs03/share/users/maxime.di-folco/home/5ETI/Simu_Ani/tp_tissus/tp_tissus_partie_1/bulid/CMakeFiles/CMakeTmp/CMakeFiles 1
Building CXX object CMakeFiles/cmTryCompileExec885086107.dir/CheckSymbolExists.cxx.o
/usr/bin/c++    -I/usr/include/qt4    -o CMakeFiles/cmTryCompileExec885086107.dir/CheckSymbolExists.cxx.o -c /fs03/share/users/maxime.di-folco/home/5ETI/Simu_Ani/tp_tissus/tp_tissus_partie_1/bulid/CMakeFiles/CMakeTmp/CheckSymbolExists.cxx
/fs03/share/users/maxime.di-folco/home/5ETI/Simu_Ani/tp_tissus/tp_tissus_partie_1/bulid/CMakeFiles/CMakeTmp/CheckSymbolExists.cxx: In function ‘int main(int, char**)’:
/fs03/share/users/maxime.di-folco/home/5ETI/Simu_Ani/tp_tissus/tp_tissus_partie_1/bulid/CMakeFiles/CMakeTmp/CheckSymbolExists.cxx:8:19: error: ‘Q_WS_QWS’ was not declared in this scope
   return ((int*)(&Q_WS_QWS))[argc];
                   ^
make[1]: *** [CMakeFiles/cmTryCompileExec885086107.dir/CheckSymbolExists.cxx.o] Erreur 1
make[1]: quittant le répertoire « /fs03/share/users/maxime.di-folco/home/5ETI/Simu_Ani/tp_tissus/tp_tissus_partie_1/bulid/CMakeFiles/CMakeTmp »
make: *** [cmTryCompileExec885086107/fast] Erreur 2

File /fs03/share/users/maxime.di-folco/home/5ETI/Simu_Ani/tp_tissus/tp_tissus_partie_1/bulid/CMakeFiles/CMakeTmp/CheckSymbolExists.cxx:
/* */
#include <QtCore/qglobal.h>

int main(int argc, char** argv)
{
  (void)argv;
#ifndef Q_WS_QWS
  return ((int*)(&Q_WS_QWS))[argc];
#else
  (void)argc;
  return 0;
#endif
}

Determining if the Q_WS_MAC exist failed with the following output:
Change Dir: /fs03/share/users/maxime.di-folco/home/5ETI/Simu_Ani/tp_tissus/tp_tissus_partie_1/bulid/CMakeFiles/CMakeTmp

Run Build Command:/usr/bin/make "cmTryCompileExec2885386413/fast"
/usr/bin/make -f CMakeFiles/cmTryCompileExec2885386413.dir/build.make CMakeFiles/cmTryCompileExec2885386413.dir/build
make[1]: entrant dans le répertoire « /fs03/share/users/maxime.di-folco/home/5ETI/Simu_Ani/tp_tissus/tp_tissus_partie_1/bulid/CMakeFiles/CMakeTmp »
/usr/bin/cmake -E cmake_progress_report /fs03/share/users/maxime.di-folco/home/5ETI/Simu_Ani/tp_tissus/tp_tissus_partie_1/bulid/CMakeFiles/CMakeTmp/CMakeFiles 1
Building CXX object CMakeFiles/cmTryCompileExec2885386413.dir/CheckSymbolExists.cxx.o
/usr/bin/c++    -I/usr/include/qt4    -o CMakeFiles/cmTryCompileExec2885386413.dir/CheckSymbolExists.cxx.o -c /fs03/share/users/maxime.di-folco/home/5ETI/Simu_Ani/tp_tissus/tp_tissus_partie_1/bulid/CMakeFiles/CMakeTmp/CheckSymbolExists.cxx
/fs03/share/users/maxime.di-folco/home/5ETI/Simu_Ani/tp_tissus/tp_tissus_partie_1/bulid/CMakeFiles/CMakeTmp/CheckSymbolExists.cxx: In function ‘int main(int, char**)’:
/fs03/share/users/maxime.di-folco/home/5ETI/Simu_Ani/tp_tissus/tp_tissus_partie_1/bulid/CMakeFiles/CMakeTmp/CheckSymbolExists.cxx:8:19: error: ‘Q_WS_MAC’ was not declared in this scope
   return ((int*)(&Q_WS_MAC))[argc];
                   ^
make[1]: quittant le répertoire « /fs03/share/users/maxime.di-folco/home/5ETI/Simu_Ani/tp_tissus/tp_tissus_partie_1/bulid/CMakeFiles/CMakeTmp »
make[1]: *** [CMakeFiles/cmTryCompileExec2885386413.dir/CheckSymbolExists.cxx.o] Erreur 1
make: *** [cmTryCompileExec2885386413/fast] Erreur 2

File /fs03/share/users/maxime.di-folco/home/5ETI/Simu_Ani/tp_tissus/tp_tissus_partie_1/bulid/CMakeFiles/CMakeTmp/CheckSymbolExists.cxx:
/* */
#include <QtCore/qglobal.h>

int main(int argc, char** argv)
{
  (void)argv;
#ifndef Q_WS_MAC
  return ((int*)(&Q_WS_MAC))[argc];
#else
  (void)argc;
  return 0;
#endif
}

